2013/01/13 21:59:53 [error] [exception.CDbException] exception 'CDbException' with message 'CDbConnection failed to open the DB connection: SQLSTATE[42000]: Syntax error or access violation: 1115 Unknown character set: 'utf8_general_ci'' in /var/www/yii/framework/db/CDbConnection.php:381
Stack trace:
#0 /var/www/yii/framework/db/CDbConnection.php(330): CDbConnection->open()
#1 /var/www/yii/framework/db/CDbConnection.php(308): CDbConnection->setActive(true)
#2 /var/www/yii/framework/base/CModule.php(387): CDbConnection->init()
#3 /var/www/yii/framework/base/CModule.php(103): CModule->getComponent('db')
#4 /var/www/yii/framework/gii/generators/model/ModelCode.php(57): CModule->__get('db')
#5 /var/www/yii/framework/web/CFormModel.php(39): ModelCode->init()
#6 /var/www/yii/framework/gii/CCodeGenerator.php(153): CFormModel->__construct()
#7 /var/www/yii/framework/gii/CCodeGenerator.php(63): CCodeGenerator->prepare()
#8 /var/www/yii/framework/web/actions/CInlineAction.php(49): CCodeGenerator->actionIndex()
#9 /var/www/yii/framework/web/CController.php(308): CInlineAction->runWithParams(Array)
#10 /var/www/yii/framework/web/CController.php(286): CController->runAction(Object(CInlineAction))
#11 /var/www/yii/framework/web/CController.php(265): CController->runActionWithFilters(Object(CInlineAction), Array)
#12 /var/www/yii/framework/web/CWebApplication.php(282): CController->run('')
#13 /var/www/yii/framework/web/CWebApplication.php(141): CWebApplication->runController('gii/model')
#14 /var/www/yii/framework/base/CApplication.php(169): CWebApplication->processRequest()
#15 /var/www/blog/index.php(13): CApplication->run()
#16 {main}
REQUEST_URI=/blog/index.php?r=gii/model
HTTP_REFERER=http://localhost/blog/index.php?r=gii/default/index
---
2013/01/13 22:01:50 [error] [exception.CHttpException.404] exception 'CHttpException' with message 'Unable to find the code you requested.' in /var/www/yii/framework/gii/CCodeGenerator.php:90
Stack trace:
#0 /var/www/yii/framework/web/actions/CInlineAction.php(49): CCodeGenerator->actionCode()
#1 /var/www/yii/framework/web/CController.php(308): CInlineAction->runWithParams(Array)
#2 /var/www/yii/framework/web/CController.php(286): CController->runAction(Object(CInlineAction))
#3 /var/www/yii/framework/web/CController.php(265): CController->runActionWithFilters(Object(CInlineAction), Array)
#4 /var/www/yii/framework/web/CWebApplication.php(282): CController->run('code')
#5 /var/www/yii/framework/web/CWebApplication.php(141): CWebApplication->runController('gii/model/code')
#6 /var/www/yii/framework/base/CApplication.php(169): CWebApplication->processRequest()
#7 /var/www/blog/index.php(13): CApplication->run()
#8 {main}
REQUEST_URI=/blog/index.php?r=gii/model/code&id=0
HTTP_REFERER=http://localhost/blog/index.php?r=gii/model
---
